{"/Users/andrevrcoelho/Documents/github/contacts-app/App.tsx": {"path":"/Users/andrevrcoelho/Documents/github/contacts-app/App.tsx","statementMap":{"0":{"start":{"line":5,"column":2},"end":{"line":10,"column":4}},"1":{"start":{"line":13,"column":15},"end":{"line":20,"column":2}}},"fnMap":{"0":{"name":"App","decl":{"start":{"line":4,"column":24},"end":{"line":4,"column":27}},"loc":{"start":{"line":4,"column":43},"end":{"line":11,"column":1}},"line":4}},"branchMap":{},"s":{"0":0,"1":0},"f":{"0":0},"b":{}}
,"/Users/andrevrcoelho/Documents/github/contacts-app/src/constants/Urls.ts": {"path":"/Users/andrevrcoelho/Documents/github/contacts-app/src/constants/Urls.ts","statementMap":{},"fnMap":{},"branchMap":{},"s":{},"f":{},"b":{},"_coverageSchema":"1a1c01bbd47fc00a2c39e90264f33305004495a9","hash":"16d1f9773d8de28a93a074ae013ac530d64fc3e0"}
,"/Users/andrevrcoelho/Documents/github/contacts-app/src/libs/axios.ts": {"path":"/Users/andrevrcoelho/Documents/github/contacts-app/src/libs/axios.ts","statementMap":{"0":{"start":{"line":5,"column":19},"end":{"line":7,"column":2}}},"fnMap":{},"branchMap":{},"s":{"0":1},"f":{},"b":{},"_coverageSchema":"1a1c01bbd47fc00a2c39e90264f33305004495a9","hash":"8b6eac1151c28b73aa05f1631bd5a2ded2c61356"}
,"/Users/andrevrcoelho/Documents/github/contacts-app/src/mocks/users.ts": {"path":"/Users/andrevrcoelho/Documents/github/contacts-app/src/mocks/users.ts","statementMap":{"0":{"start":{"line":4,"column":57},"end":{"line":24,"column":1}}},"fnMap":{},"branchMap":{},"s":{"0":1},"f":{},"b":{},"_coverageSchema":"1a1c01bbd47fc00a2c39e90264f33305004495a9","hash":"df55b9704585c6bf3af0a4eb39cb74ed7c6bd049"}
,"/Users/andrevrcoelho/Documents/github/contacts-app/src/models/ApiResponse.ts": {"path":"/Users/andrevrcoelho/Documents/github/contacts-app/src/models/ApiResponse.ts","statementMap":{},"fnMap":{},"branchMap":{},"s":{},"f":{},"b":{}}
,"/Users/andrevrcoelho/Documents/github/contacts-app/src/models/User.ts": {"path":"/Users/andrevrcoelho/Documents/github/contacts-app/src/models/User.ts","statementMap":{},"fnMap":{},"branchMap":{},"s":{},"f":{},"b":{}}
,"/Users/andrevrcoelho/Documents/github/contacts-app/src/services/getUsers.ts": {"path":"/Users/andrevrcoelho/Documents/github/contacts-app/src/services/getUsers.ts","statementMap":{"0":{"start":{"line":14,"column":14},"end":{"line":14,"column":16}},"1":{"start":{"line":15,"column":38},"end":{"line":19,"column":1}},"2":{"start":{"line":21,"column":24},"end":{"line":36,"column":1}},"3":{"start":{"line":27,"column":4},"end":{"line":27,"column":65}},"4":{"start":{"line":28,"column":19},"end":{"line":34,"column":4}},"5":{"start":{"line":35,"column":2},"end":{"line":35,"column":14}}},"fnMap":{"0":{"name":"(anonymous_0)","decl":{"start":{"line":21,"column":24},"end":{"line":21,"column":25}},"loc":{"start":{"line":25,"column":39},"end":{"line":36,"column":1}},"line":25}},"branchMap":{"0":{"loc":{"start":{"line":21,"column":31},"end":{"line":25,"column":18}},"type":"default-arg","locations":[{"start":{"line":25,"column":4},"end":{"line":25,"column":18}}],"line":21},"1":{"loc":{"start":{"line":27,"column":4},"end":{"line":27,"column":65}},"type":"cond-expr","locations":[{"start":{"line":27,"column":20},"end":{"line":27,"column":60}},{"start":{"line":27,"column":63},"end":{"line":27,"column":65}}],"line":27}},"s":{"0":1,"1":1,"2":1,"3":2,"4":2,"5":2},"f":{"0":2},"b":{"0":[1],"1":[1,1]},"_coverageSchema":"1a1c01bbd47fc00a2c39e90264f33305004495a9","hash":"b36f6d2393a5b2aa3fa50a02a5a1694d49bed3ad"}
}
